300 30000.00 48773.2144720891 0.0623628466 -301032 40.20371
301 30100.00 48773.2144720891 0.0623628466 -299429 41.62813
302 30200.00 48773.2144720891 0.0623628466 -297825 43.00796
303 30300.00 48773.2144720891 0.0623628466 -296221 44.34275
304 30400.00 48773.2144720891 0.0623628466 -294618 45.63211
305 30500.00 48773.2144720891 0.0623628466 -293014 46.87565
306 30600.00 48773.2144720891 0.0623628466 -291411 48.07303
307 30700.00 48773.2144720891 0.0623628466 -289807 49.22393
308 30800.00 48773.2144720891 0.0623628466 -288204 50.32805
309 30900.00 48773.2144720891 0.0623628466 -286600 51.38510
310 31000.00 48773.2144720891 0.0623628466 -284997 52.39482
311 31100.00 48773.2144720891 0.0623628466 -283393 53.35693
312 31200.00 48773.2144720891 0.0623628466 -281790 54.27121
313 31300.00 48773.2144720891 0.0623628466 -280186 55.13741
314 31400.00 48773.2144720891 0.0623628466 -278583 55.95530
315 31500.00 48773.2144720891 0.0623628466 -276979 56.72465
316 31600.00 48773.2144720891 0.0623628466 -275376 57.44525
317 31700.00 48773.2144720891 0.0623628466 -273772 58.11687
318 31800.00 48773.2144720891 0.0623628466 -272169 58.73930
319 31900.00 48773.2144720891 0.0623628466 -270565 59.31232
320 32000.00 48773.2144720891 0.0623628466 -268962 59.83572
321 32100.00 48773.2144720891 0.0623628466 -267358 60.30927
322 32200.00 48773.2144720891 0.0623628466 -265755 60.73275
323 32300.00 48773.2144720891 0.0623628466 -264151 61.10595
324 32400.00 48773.2144720891 0.0623628466 -262548 61.42863
325 32500.00 48773.2144720891 0.0623628466 -260944 61.70057
326 32600.00 48773.2144720891 0.0623628466 -259341 61.92152
327 32700.00 48773.2144720891 0.0623628466 -257737 62.09125
328 32800.00 48773.2144720891 0.0623628466 -256134 62.20952
329 32900.00 48773.2144720891 0.0623628466 -254530 62.27607
330 33000.00 48773.2144720891 0.0623628466 -252926 62.29065
331 33100.00 48773.2144720891 0.0623628466 -251323 62.25298
332 33200.00 48773.2144720891 0.0623628466 -249719 62.16282
333 33300.00 48773.2144720891 0.0623628466 -248116 62.01987
334 33400.00 48773.2144720891 0.0623628466 -246512 61.82386
335 33500.00 48773.2144720891 0.0623628466 -244909 61.57449
336 33600.00 48773.2144720891 0.0623628466 -243305 61.27149
337 33700.00 48773.2144720891 0.0623628466 -241702 60.91453
338 33800.00 48773.2144720891 0.0623628466 -240098 60.50333
339 33900.00 48773.2144720891 0.0623628466 -238495 60.03757
340 34000.00 48773.2144720891 0.0623628466 -236891 59.51693
341 34100.00 48773.2144720891 0.0623628466 -235288 58.94110
342 34200.00 48773.2144720891 0.0623628466 -233684 58.30975
343 34300.00 48773.2144720891 0.0623628466 -232081 57.62255
344 34400.00 48773.2144720891 0.0623628466 -230477 56.87920
345 34500.00 48773.2144720891 0.0623628466 -228874 56.07934
346 34600.00 48773.2144720891 0.0623628466 -227270 55.22268
347 34700.00 48773.2144720891 0.0623628466 -225667 54.30888
348 34800.00 48773.2144720891 0.0623628466 -224063 53.33764
349 34900.00 48773.2144720891 0.0623628466 -222460 52.30865
350 35000.00 48773.2144720891 0.0623628466 -220856 51.22162
351 35100.00 48773.2144720891 0.0623628466 -219253 50.07627
352 35200.00 48773.2144720891 0.0623628466 -217649 48.87236
353 35300.00 48773.2144720891 0.0623628466 -216046 47.60965
354 35400.00 48773.2144720891 0.0623628466 -214442 46.28793
355 35500.00 48773.2144720891 0.0623628466 -212838 44.90706
356 35600.00 48773.2144720891 0.0623628466 -211235 43.46690
357 35700.00 48773.2144720891 0.0623628466 -209631 41.96740
358 35800.00 48773.2144720891 0.0623628466 -208028 40.40855
359 35900.00 48773.2144720891 0.0623628466 -206424 38.79043
360 36000.00 48773.2144720891 0.0623628466 -204821 37.11320
361 36100.00 48773.2144720891 0.0623628466 -203217 35.37714
362 36200.00 48773.2144720891 0.0623628466 -201614 33.58263
363 36300.00 48773.2144720891 0.0623628466 -200010 31.73021
364 36400.00 48773.2144720891 0.0623628466 -198407 29.82060
365 36500.00 48773.2144720891 0.0623628466 -196803 27.85469
366 36600.00 48773.2144720891 0.0623628466 -195200 25.83362
367 36700.00 48773.2144720891 0.0623628466 -193596 23.75880
368 36800.00 48773.2144720891 0.0623628466 -191993 21.63195
369 36900.00 48773.2144720891 0.0623628466 -190389 19.45515
370 37000.00 48773.2144720891 0.0623628466 -188786 17.23091
371 37100.00 48773.2144720891 0.0623628466 -187182 14.96220
372 37200.00 48773.2144720891 0.0623628466 -185579 12.65259
373 37300.00 48773.2144720891 0.0623628466 -183975 10.30626
374 37400.00 48773.2144720891 0.0623628466 -182372 7.92813
375 37500.00 48773.2144720891 0.0623628466 -180768 5.52399
376 37600.00 48773.2144720891 0.0623628466 -179165 3.10054
377 37700.00 48773.2144720891 0.0623628466 -177561 0.66557
378 37800.00 48773.2144720891 0.0623628466 -175958 -1.77196
379 37900.00 48773.2144720891 0.0623628466 -174354 -4.20178
380 38000.00 48773.2144720891 0.0623628466 -172751 -6.61221
381 38100.00 48773.2144720891 0.0623628466 -171147 -8.99009
382 38200.00 48773.2144720891 0.0623628466 -169543 -11.32071
383 38300.00 48773.2144720891 0.0623628466 -167940 -13.58781
384 38400.00 48773.2144720891 0.0623628466 -166336 -15.77372
385 38500.00 48773.2144720891 0.0623628466 -164733 -17.85944
386 38600.00 48773.2144720891 0.0623628466 -163129 -19.82505
387 38700.00 48773.2144720891 0.0623628466 -161526 -21.65006
388 38800.00 48773.2144720891 0.0623628466 -159922 -23.31400
389 38900.00 48773.2144720891 0.0623628466 -158319 -24.79715
390 39000.00 48773.2144720891 0.0623628466 -156715 -26.08126
391 39100.00 48773.2144720891 0.0623628466 -155112 -27.15042
392 39200.00 48773.2144720891 0.0623628466 -153508 -27.99176
393 39300.00 48773.2144720891 0.0623628466 -151905 -28.59616
394 39400.00 48773.2144720891 0.0623628466 -150301 -28.95861
395 39500.00 48773.2144720891 0.0623628466 -148698 -29.07842
396 39600.00 48773.2144720891 0.0623628466 -147094 -28.95912
397 39700.00 48773.2144720891 0.0623628466 -145491 -28.60812
398 39800.00 48773.2144720891 0.0623628466 -143887 -28.03614
399 39900.00 48773.2144720891 0.0623628466 -142284 -27.25657
400 40000.00 48773.2144720891 0.0623628466 -140680 -26.28472
401 40100.00 48773.2144720891 0.0623628466 -139077 -25.13713
402 40200.00 48773.2144720891 0.0623628466 -137473 -23.83093
403 40300.00 48773.2144720891 0.0623628466 -135870 -22.38330
404 40400.00 48773.2144720891 0.0623628466 -134266 -20.81105
405 40500.00 48773.2144720891 0.0623628466 -132663 -19.13029
406 40600.00 48773.2144720891 0.0623628466 -131059 -17.35622
407 40700.00 48773.2144720891 0.0623628466 -129456 -15.50300
408 40800.00 48773.2144720891 0.0623628466 -127852 -13.58368
409 40900.00 48773.2144720891 0.0623628466 -126248 -11.61018
410 41000.00 48773.2144720891 0.0623628466 -124645 -9.59334
411 41100.00 48773.2144720891 0.0623628466 -123041 -7.54295
412 41200.00 48773.2144720891 0.0623628466 -121438 -5.46779
413 41300.00 48773.2144720891 0.0623628466 -119834 -3.37576
414 41400.00 48773.2144720891 0.0623628466 -118231 -1.27391
415 41500.00 48773.2144720891 0.0623628466 -116627 0.83147
416 41600.00 48773.2144720891 0.0623628466 -115024 2.93476
417 41700.00 48773.2144720891 0.0623628466 -113420 5.03097
418 41800.00 48773.2144720891 0.0623628466 -111817 7.11565
419 41900.00 48773.2144720891 0.0623628466 -110213 9.18486
420 42000.00 48773.2144720891 0.0623628466 -108610 11.23507
421 42100.00 48773.2144720891 0.0623628466 -107006 13.26315
422 42200.00 48773.2144720891 0.0623628466 -105403 15.26632
423 42300.00 48773.2144720891 0.0623628466 -103799 17.24210
424 42400.00 48773.2144720891 0.0623628466 -102196 19.18829
425 42500.00 48773.2144720891 0.0623628466 -100592 21.10291
426 42600.00 48773.2144720891 0.0623628466 -98989 22.98422
427 42700.00 48773.2144720891 0.0623628466 -97385 24.83063
428 42800.00 48773.2144720891 0.0623628466 -95782 26.64076
429 42900.00 48773.2144720891 0.0623628466 -94178 28.41336
430 43000.00 48773.2144720891 0.0623628466 -92575 30.14729
431 43100.00 48773.2144720891 0.0623628466 -90971 31.84155
432 43200.00 48773.2144720891 0.0623628466 -89368 33.49524
433 43300.00 48773.2144720891 0.0623628466 -87764 35.10754
434 43400.00 48773.2144720891 0.0623628466 -86161 36.67773
435 43500.00 48773.2144720891 0.0623628466 -84557 38.20513
436 43600.00 48773.2144720891 0.0623628466 -82953 39.68914
437 43700.00 48773.2144720891 0.0623628466 -81350 41.12923
438 43800.00 48773.2144720891 0.0623628466 -79746 42.52488
439 43900.00 48773.2144720891 0.0623628466 -78143 43.87566
440 44000.00 48773.2144720891 0.0623628466 -76539 45.18113
441 44100.00 48773.2144720891 0.0623628466 -74936 46.44092
442 44200.00 48773.2144720891 0.0623628466 -73332 47.65468
443 44300.00 48773.2144720891 0.0623628466 -71729 48.82206
444 44400.00 48773.2144720891 0.0623628466 -70125 49.94276
445 44500.00 48773.2144720891 0.0623628466 -68522 51.01650
446 44600.00 48773.2144720891 0.0623628466 -66918 52.04299
447 44700.00 48773.2144720891 0.0623628466 -65315 53.02198
448 44800.00 48773.2144720891 0.0623628466 -63711 53.95321
449 44900.00 48773.2144720891 0.0623628466 -62108 54.83644
450 45000.00 48773.2144720891 0.0623628466 -60504 55.67145
451 45100.00 48773.2144720891 0.0623628466 -58901 56.45800
452 45200.00 48773.2144720891 0.0623628466 -57297 57.19588
453 45300.00 48773.2144720891 0.0623628466 -55694 57.88485
454 45400.00 48773.2144720891 0.0623628466 -54090 58.52471
455 45500.00 48773.2144720891 0.0623628466 -52487 59.11524
456 45600.00 48773.2144720891 0.0623628466 -50883 59.65622
457 45700.00 48773.2144720891 0.0623628466 -49280 60.14743
458 45800.00 48773.2144720891 0.0623628466 -47676 60.58865
459 45900.00 48773.2144720891 0.0623628466 -46073 60.97967
460 46000.00 48773.2144720891 0.0623628466 -44469 61.32025
461 46100.00 48773.2144720891 0.0623628466 -42865 61.61017
462 46200.00 48773.2144720891 0.0623628466 -41262 61.84919
463 46300.00 48773.2144720891 0.0623628466 -39658 62.03707
464 46400.00 48773.2144720891 0.0623628466 -38055 62.17358
465 46500.00 48773.2144720891 0.0623628466 -36451 62.25845
466 46600.00 48773.2144720891 0.0623628466 -34848 62.29145
467 46700.00 48773.2144720891 0.0623628466 -33244 62.27230
468 46800.00 48773.2144720891 0.0623628466 -31641 62.20074
469 46900.00 48773.2144720891 0.0623628466 -30037 62.07650
470 47000.00 48773.2144720891 0.0623628466 -28434 61.89929
471 47100.00 48773.2144720891 0.0623628466 -26830 61.66884
472 47200.00 48773.2144720891 0.0623628466 -25227 61.38485
473 47300.00 48773.2144720891 0.0623628466 -23623 61.04702
474 47400.00 48773.2144720891 0.0623628466 -22020 60.65504
475 47500.00 48773.2144720891 0.0623628466 -20416 60.20862
476 47600.00 48773.2144720891 0.0623628466 -18813 59.70743
477 47700.00 48773.2144720891 0.0623628466 -17209 59.15117
478 47800.00 48773.2144720891 0.0623628466 -15606 58.53950
479 47900.00 48773.2144720891 0.0623628466 -14002 57.87210
480 48000.00 48773.2144720891 0.0623628466 -12399 57.14865
481 48100.00 48773.2144720891 0.0623628466 -10795 56.36882
482 48200.00 48773.2144720891 0.0623628466 -9192 55.53230
483 48300.00 48773.2144720891 0.0623628466 -7588 54.63875
484 48400.00 48773.2144720891 0.0623628466 -5985 53.68787
485 48500.00 48773.2144720891 0.0623628466 -4381 52.67934
486 48600.00 48773.2144720891 0.0623628466 -2778 51.61288
487 48700.00 48773.2144720891 0.0623628466 -1174 50.48820
488 48800.00 48773.2144720891 0.0623628466 430 49.30503
489 48900.00 48773.2144720891 0.0623628466 2033 48.06315
490 49000.00 48773.2144720891 0.0623628466 3637 46.76233
491 49100.00 48773.2144720891 0.0623628466 5240 45.40240
492 49200.00 48773.2144720891 0.0623628466 6844 43.98323
493 49300.00 48773.2144720891 0.0623628466 8447 42.50473
494 49400.00 48773.2144720891 0.0623628466 10051 40.96688
495 49500.00 48773.2144720891 0.0623628466 11654 39.36971
496 49600.00 48773.2144720891 0.0623628466 13258 37.71337
497 49700.00 48773.2144720891 0.0623628466 14861 35.99809
498 49800.00 48773.2144720891 0.0623628466 16465 34.22421
499 49900.00 48773.2144720891 0.0623628466 18068 32.39221
500 50000.00 48773.2144720891 0.0623628466 19672 30.50273
501 50100.00 48773.2144720891 0.0623628466 21275 28.55662
502 50200.00 48773.2144720891 0.0623628466 22879 26.55493
503 50300.00 48773.2144720891 0.0623628466 24482 24.49895
504 50400.00 48773.2144720891 0.0623628466 26086 22.39029
505 50500.00 48773.2144720891 0.0623628466 27689 20.23090
506 50600.00 48773.2144720891 0.0623628466 29293 18.02313
507 50700.00 48773.2144720891 0.0623628466 30896 15.76978
508 50800.00 48773.2144720891 0.0623628466 32500 13.47419
509 50900.00 48773.2144720891 0.0623628466 34103 11.14033
510 51000.00 48773.2144720891 0.0623628466 35707 8.77284
511 51100.00 48773.2144720891 0.0623628466 37310 6.37719
512 51200.00 48773.2144720891 0.0623628466 38914 3.95974
513 51300.00 48773.2144720891 0.0623628466 40517 1.52788
514 51400.00 48773.2144720891 0.0623628466 42121 -0.90984
515 51500.00 48773.2144720891 0.0623628466 43725 -3.34365
516 51600.00 48773.2144720891 0.0623628466 45328 -5.76237
517 51700.00 48773.2144720891 0.0623628466 46932 -8.15337
518 51800.00 48773.2144720891 0.0623628466 48535 -10.50249
519 51900.00 48773.2144720891 0.0623628466 50139 -12.79402
520 52000.00 48773.2144720891 0.0623628466 51742 -15.01076
521 52100.00 48773.2144720891 0.0623628466 53346 -17.13417
522 52200.00 48773.2144720891 0.0623628466 54949 -19.14460
523 52300.00 48773.2144720891 0.0623628466 56553 -21.02171
524 52400.00 48773.2144720891 0.0623628466 58156 -22.74495
525 52500.00 48773.2144720891 0.0623628466 59760 -24.29424
526 52600.00 48773.2144720891 0.0623628466 61363 -25.65073
527 52700.00 48773.2144720891 0.0623628466 62967 -26.79758
528 52800.00 48773.2144720891 0.0623628466 64570 -27.72078
529 52900.00 48773.2144720891 0.0623628466 66174 -28.40981
530 53000.00 48773.2144720891 0.0623628466 67777 -28.85816
531 53100.00 48773.2144720891 0.0623628466 69381 -29.06363
532 53200.00 48773.2144720891 0.0623628466 70984 -29.02828
533 53300.00 48773.2144720891 0.0623628466 72588 -28.75819
534 53400.00 48773.2144720891 0.0623628466 74191 -28.26299
535 53500.00 48773.2144720891 0.0623628466 75795 -27.55520
536 53600.00 48773.2144720891 0.0623628466 77398 -26.64954
537 53700.00 48773.2144720891 0.0623628466 79002 -25.56219
538 53800.00 48773.2144720891 0.0623628466 80605 -24.31013
539 53900.00 48773.2144720891 0.0623628466 82209 -22.91060
540 54000.00 48773.2144720891 0.0623628466 83812 -21.38056
541 54100.00 48773.2144720891 0.0623628466 85416 -19.73640
542 54200.00 48773.2144720891 0.0623628466 87020 -17.99367
543 54300.00 48773.2144720891 0.0623628466 88623 -16.16691
544 54400.00 48773.2144720891 0.0623628466 90227 -14.26955
545 54500.00 48773.2144720891 0.0623628466 91830 -12.31393
546 54600.00 48773.2144720891 0.0623628466 93434 -10.31125
547 54700.00 48773.2144720891 0.0623628466 95037 -8.27167
548 54800.00 48773.2144720891 0.0623628466 96641 -6.20433
549 54900.00 48773.2144720891 0.0623628466 98244 -4.11742
550 55000.00 48773.2144720891 0.0623628466 99848 -2.01829
551 55100.00 48773.2144720891 0.0623628466 101451 0.08651
552 55200.00 48773.2144720891 0.0623628466 103055 2.19114
553 55300.00 48773.2144720891 0.0623628466 104658 4.29039
554 55400.00 48773.2144720891 0.0623628466 106262 6.37963
555 55500.00 48773.2144720891 0.0623628466 107865 8.45474
556 55600.00 48773.2144720891 0.0623628466 109469 10.51204
557 55700.00 48773.2144720891 0.0623628466 111072 12.54829
558 55800.00 48773.2144720891 0.0623628466 112676 14.56057
559 55900.00 48773.2144720891 0.0623628466 114279 16.54631
560 56000.00 48773.2144720891 0.0623628466 115883 18.50321
561 56100.00 48773.2144720891 0.0623628466 117486 20.42921
562 56200.00 48773.2144720891 0.0623628466 119090 22.32249
563 56300.00 48773.2144720891 0.0623628466 120693 24.18142
564 56400.00 48773.2144720891 0.0623628466 122297 26.00454
565 56500.00 48773.2144720891 0.0623628466 123900 27.79055
566 56600.00 48773.2144720891 0.0623628466 125504 29.53828
567 56700.00 48773.2144720891 0.0623628466 127108 31.24669
568 56800.00 48773.2144720891 0.0623628466 128711 32.91483
569 56900.00 48773.2144720891 0.0623628466 130315 34.54186
570 57000.00 48773.2144720891 0.0623628466 131918 36.12703
571 57100.00 48773.2144720891 0.0623628466 133522 37.66964
572 57200.00 48773.2144720891 0.0623628466 135125 39.16907
573 57300.00 48773.2144720891 0.0623628466 136729 40.62475
574 57400.00 48773.2144720891 0.0623628466 138332 42.03618
575 57500.00 48773.2144720891 0.0623628466 139936 43.40289
576 57600.00 48773.2144720891 0.0623628466 141539 44.72444
577 57700.00 48773.2144720891 0.0623628466 143143 46.00043
578 57800.00 48773.2144720891 0.0623628466 144746 47.23052
579 57900.00 48773.2144720891 0.0623628466 146350 48.41434
580 58000.00 48773.2144720891 0.0623628466 147953 49.55160
581 58100.00 48773.2144720891 0.0623628466 149557 50.64198
582 58200.00 48773.2144720891 0.0623628466 151160 51.68522
583 58300.00 48773.2144720891 0.0623628466 152764 52.68104
584 58400.00 48773.2144720891 0.0623628466 154367 53.62920
585 58500.00 48773.2144720891 0.0623628466 155971 54.52944
586 58600.00 48773.2144720891 0.0623628466 157574 55.38154
587 58700.00 48773.2144720891 0.0623628466 159178 56.18526
588 58800.00 48773.2144720891 0.0623628466 160781 56.94038
589 58900.00 48773.2144720891 0.0623628466 162385 57.64669
590 59000.00 48773.2144720891 0.0623628466 163988 58.30395
591 59100.00 48773.2144720891 0.0623628466 165592 58.91196
592 59200.00 48773.2144720891 0.0623628466 167195 59.47049
593 59300.00 48773.2144720891 0.0623628466 168799 59.97933
594 59400.00 48773.2144720891 0.0623628466 170403 60.43827
595 59500.00 48773.2144720891 0.0623628466 172006 60.84708
596 59600.00 48773.2144720891 0.0623628466 173610 61.20553
597 59700.00 48773.2144720891 0.0623628466 175213 61.51340
598 59800.00 48773.2144720891 0.0623628466 176817 61.77045
599 59900.00 48773.2144720891 0.0623628466 178420 61.97645
600 60000.00 48773.2144720891 0.0623628466 180024 62.13117
601 60100.00 48773.2144720891 0.0623628466 181627 62.23434
602 60200.00 48773.2144720891 0.0623628466 183231 62.28572
603 60300.00 48773.2144720891 0.0623628466 184834 62.28505
604 60400.00 48773.2144720891 0.0623628466 186438 62.23207
605 60500.00 48773.2144720891 0.0623628466 188041 62.12650
606 60600.00 48773.2144720891 0.0623628466 189645 61.96806
607 60700.00 48773.2144720891 0.0623628466 191248 61.75648
608 60800.00 48773.2144720891 0.0623628466 192852 61.49147
609 60900.00 48773.2144720891 0.0623628466 194455 61.17272
610 61000.00 48773.2144720891 0.0623628466 196059 60.79994
611 61100.00 48773.2144720891 0.0623628466 197662 60.37282
612 61200.00 48773.2144720891 0.0623628466 199266 59.89104
613 61300.00 48773.2144720891 0.0623628466 200869 59.35430
614 61400.00 48773.2144720891 0.0623628466 202473 58.76227
615 61500.00 48773.2144720891 0.0623628466 204076 58.11462
616 61600.00 48773.2144720891 0.0623628466 205680 57.41104
617 61700.00 48773.2144720891 0.0623628466 207283 56.65120
618 61800.00 48773.2144720891 0.0623628466 208887 55.83477
619 61900.00 48773.2144720891 0.0623628466 210490 54.96144
620 62000.00 48773.2144720891 0.0623628466 212094 54.03088
621 62100.00 48773.2144720891 0.0623628466 213698 53.04278
622 62200.00 48773.2144720891 0.0623628466 215301 51.99685
623 62300.00 48773.2144720891 0.0623628466 216905 50.89280
624 62400.00 48773.2144720891 0.0623628466 218508 49.73036
625 62500.00 48773.2144720891 0.0623628466 220112 48.50928
626 62600.00 48773.2144720891 0.0623628466 221715 47.22933
627 62700.00 48773.2144720891 0.0623628466 223319 45.89034
628 62800.00 48773.2144720891 0.0623628466 224922 44.49214
629 62900.00 48773.2144720891 0.0623628466 226526 43.03463
630 63000.00 48773.2144720891 0.0623628466 228129 41.51778
631 63100.00 48773.2144720891 0.0623628466 229733 39.94159
632 63200.00 48773.2144720891 0.0623628466 231336 38.30617
633 63300.00 48773.2144720891 0.0623628466 232940 36.61170
634 63400.00 48773.2144720891 0.0623628466 234543 34.85851
635 63500.00 48773.2144720891 0.0623628466 236147 33.04700
636 63600.00 48773.2144720891 0.0623628466 237750 31.17778
637 63700.00 48773.2144720891 0.0623628466 239354 29.25160
638 63800.00 48773.2144720891 0.0623628466 240957 27.26944
639 63900.00 48773.2144720891 0.0623628466 242561 25.23250
640 64000.00 48773.2144720891 0.0623628466 244164 23.14228
641 64100.00 48773.2144720891 0.0623628466 245768 21.00059
642 64200.00 48773.2144720891 0.0623628466 247371 18.80964
643 64300.00 48773.2144720891 0.0623628466 248975 16.57206
644 64400.00 48773.2144720891 0.0623628466 250578 14.29100
645 64500.00 48773.2144720891 0.0623628466 252182 11.97019
646 64600.00 48773.2144720891 0.0623628466 253785 9.61402
647 64700.00 48773.2144720891 0.0623628466 255389 7.22765
648 64800.00 48773.2144720891 0.0623628466 256993 4.81713
649 64900.00 48773.2144720891 0.0623628466 258596 2.38945
650 65000.00 48773.2144720891 0.0623628466 260200 -0.04725
651 65100.00 48773.2144720891 0.0623628466 261803 -2.48365
652 65200.00 48773.2144720891 0.0623628466 263407 -4.90908
653 65300.00 48773.2144720891 0.0623628466 265010 -7.31142
654 65400.00 48773.2144720891 0.0623628466 266614 -9.67707
655 65500.00 48773.2144720891 0.0623628466 268217 -11.99087
656 65600.00 48773.2144720891 0.0623628466 269821 -14.23613
657 65700.00 48773.2144720891 0.0623628466 271424 -16.39475
658 65800.00 48773.2144720891 0.0623628466 273028 -18.44746
659 65900.00 48773.2144720891 0.0623628466 274631 -20.37409
660 66000.00 48773.2144720891 0.0623628466 276235 -22.15410
661 66100.00 48773.2144720891 0.0623628466 277838 -23.76718
662 66200.00 48773.2144720891 0.0623628466 279442 -25.19393
663 66300.00 48773.2144720891 0.0623628466 281045 -26.41672
664 66400.00 48773.2144720891 0.0623628466 282649 -27.42045
665 66500.00 48773.2144720891 0.0623628466 284252 -28.19328
666 66600.00 48773.2144720891 0.0623628466 285856 -28.72727
667 66700.00 48773.2144720891 0.0623628466 287459 -29.01866
668 66800.00 48773.2144720891 0.0623628466 289063 -29.06801
669 66900.00 48773.2144720891 0.0623628466 290666 -28.88005
670 67000.00 48773.2144720891 0.0623628466 292270 -28.46320
671 67100.00 48773.2144720891 0.0623628466 293873 -27.82904
672 67200.00 48773.2144720891 0.0623628466 295477 -26.99160
673 67300.00 48773.2144720891 0.0623628466 297080 -25.96662
674 67400.00 48773.2144720891 0.0623628466 298684 -24.77088
675 67500.00 48773.2144720891 0.0623628466 300288 -23.42156
676 67600.00 48773.2144720891 0.0623628466 301891 -21.93578
677 67700.00 48773.2144720891 0.0623628466 303495 -20.33018
678 67800.00 48773.2144720891 0.0623628466 305098 -18.62061
679 67900.00 48773.2144720891 0.0623628466 306702 -16.82198
680 68000.00 48773.2144720891 0.0623628466 308305 -14.94814
681 68100.00 48773.2144720891 0.0623628466 309909 -13.01179
682 68200.00 48773.2144720891 0.0623628466 311512 -11.02455
683 68300.00 48773.2144720891 0.0623628466 313116 -8.99693
684 68400.00 48773.2144720891 0.0623628466 314719 -6.93843
685 68500.00 48773.2144720891 0.0623628466 316323 -4.85756
686 68600.00 48773.2144720891 0.0623628466 317926 -2.76197
687 68700.00 48773.2144720891 0.0623628466 319530 -0.65847
688 68800.00 48773.2144720891 0.0623628466 321133 1.44685
689 68900.00 48773.2144720891 0.0623628466 322737 3.54856
690 69000.00 48773.2144720891 0.0623628466 324340 5.64184
691 69100.00 48773.2144720891 0.0623628466 325944 7.72239
692 69200.00 48773.2144720891 0.0623628466 327547 9.78638
693 69300.00 48773.2144720891 0.0623628466 329151 11.83043
694 69400.00 48773.2144720891 0.0623628466 330754 13.85150
695 69500.00 48773.2144720891 0.0623628466 332358 15.84691
696 69600.00 48773.2144720891 0.0623628466 333961 17.81426
697 69700.00 48773.2144720891 0.0623628466 335565 19.75141
698 69800.00 48773.2144720891 0.0623628466 337168 21.65647
699 69900.00 48773.2144720891 0.0623628466 338772 23.52772
